{"C:\\Users\\Vantonage\\Desktop\\Seneca\\SEMESTER 5\\CCP\\LAB 1\\fragments\\src\\app.js": {"path":"C:\\Users\\Vantonage\\Desktop\\Seneca\\SEMESTER 5\\CCP\\LAB 1\\fragments\\src\\app.js","statementMap":{"0":{"start":{"line":3,"column":16},"end":{"line":3,"column":34}},"1":{"start":{"line":4,"column":13},"end":{"line":4,"column":28}},"2":{"start":{"line":5,"column":15},"end":{"line":5,"column":32}},"3":{"start":{"line":6,"column":20},"end":{"line":6,"column":42}},"4":{"start":{"line":11,"column":15},"end":{"line":11,"column":34}},"5":{"start":{"line":12,"column":13},"end":{"line":15,"column":2}},"6":{"start":{"line":18,"column":12},"end":{"line":18,"column":21}},"7":{"start":{"line":21,"column":0},"end":{"line":21,"column":14}},"8":{"start":{"line":24,"column":0},"end":{"line":24,"column":18}},"9":{"start":{"line":27,"column":0},"end":{"line":27,"column":16}},"10":{"start":{"line":30,"column":17},"end":{"line":30,"column":36}},"11":{"start":{"line":31,"column":21},"end":{"line":31,"column":47}},"12":{"start":{"line":34,"column":0},"end":{"line":34,"column":23}},"13":{"start":{"line":61,"column":0},"end":{"line":61,"column":38}},"14":{"start":{"line":62,"column":0},"end":{"line":62,"column":31}},"15":{"start":{"line":65,"column":0},"end":{"line":65,"column":34}},"16":{"start":{"line":68,"column":0},"end":{"line":76,"column":3}},"17":{"start":{"line":69,"column":2},"end":{"line":75,"column":5}},"18":{"start":{"line":80,"column":0},"end":{"line":98,"column":3}},"19":{"start":{"line":83,"column":17},"end":{"line":83,"column":34}},"20":{"start":{"line":84,"column":18},"end":{"line":84,"column":60}},"21":{"start":{"line":87,"column":2},"end":{"line":89,"column":3}},"22":{"start":{"line":88,"column":4},"end":{"line":88,"column":54}},"23":{"start":{"line":91,"column":2},"end":{"line":97,"column":5}},"24":{"start":{"line":101,"column":0},"end":{"line":101,"column":21}}},"fnMap":{"0":{"name":"(anonymous_0)","decl":{"start":{"line":68,"column":8},"end":{"line":68,"column":9}},"loc":{"start":{"line":68,"column":22},"end":{"line":76,"column":1}},"line":68},"1":{"name":"(anonymous_1)","decl":{"start":{"line":80,"column":8},"end":{"line":80,"column":9}},"loc":{"start":{"line":80,"column":33},"end":{"line":98,"column":1}},"line":80}},"branchMap":{"0":{"loc":{"start":{"line":83,"column":17},"end":{"line":83,"column":34}},"type":"binary-expr","locations":[{"start":{"line":83,"column":17},"end":{"line":83,"column":27}},{"start":{"line":83,"column":31},"end":{"line":83,"column":34}}],"line":83},"1":{"loc":{"start":{"line":84,"column":18},"end":{"line":84,"column":60}},"type":"binary-expr","locations":[{"start":{"line":84,"column":18},"end":{"line":84,"column":29}},{"start":{"line":84,"column":33},"end":{"line":84,"column":60}}],"line":84},"2":{"loc":{"start":{"line":87,"column":2},"end":{"line":89,"column":3}},"type":"if","locations":[{"start":{"line":87,"column":2},"end":{"line":89,"column":3}},{"start":{},"end":{}}],"line":87}},"s":{"0":3,"1":3,"2":3,"3":3,"4":3,"5":3,"6":3,"7":3,"8":3,"9":3,"10":3,"11":3,"12":3,"13":3,"14":3,"15":3,"16":3,"17":1,"18":3,"19":0,"20":0,"21":0,"22":0,"23":0,"24":3},"f":{"0":1,"1":0},"b":{"0":[0,0],"1":[0,0],"2":[0,0]},"_coverageSchema":"1a1c01bbd47fc00a2c39e90264f33305004495a9","hash":"0d81b4b8a5d2d84fceade771dcb70ede9e3f92b6"}
,"C:\\Users\\Vantonage\\Desktop\\Seneca\\SEMESTER 5\\CCP\\LAB 1\\fragments\\src\\logger.js": {"path":"C:\\Users\\Vantonage\\Desktop\\Seneca\\SEMESTER 5\\CCP\\LAB 1\\fragments\\src\\logger.js","statementMap":{"0":{"start":{"line":4,"column":16},"end":{"line":4,"column":58}},"1":{"start":{"line":7,"column":0},"end":{"line":15,"column":1}},"2":{"start":{"line":9,"column":2},"end":{"line":14,"column":4}},"3":{"start":{"line":19,"column":0},"end":{"line":19,"column":42}}},"fnMap":{},"branchMap":{"0":{"loc":{"start":{"line":4,"column":25},"end":{"line":4,"column":56}},"type":"binary-expr","locations":[{"start":{"line":4,"column":25},"end":{"line":4,"column":46}},{"start":{"line":4,"column":50},"end":{"line":4,"column":56}}],"line":4},"1":{"loc":{"start":{"line":7,"column":0},"end":{"line":15,"column":1}},"type":"if","locations":[{"start":{"line":7,"column":0},"end":{"line":15,"column":1}},{"start":{},"end":{}}],"line":7}},"s":{"0":3,"1":3,"2":0,"3":3},"f":{},"b":{"0":[3,0],"1":[0,3]},"_coverageSchema":"1a1c01bbd47fc00a2c39e90264f33305004495a9","hash":"7aad128bb0270a2c126e675d0306e1bcc1cb2680"}
,"C:\\Users\\Vantonage\\Desktop\\Seneca\\SEMESTER 5\\CCP\\LAB 1\\fragments\\src\\response.js": {"path":"C:\\Users\\Vantonage\\Desktop\\Seneca\\SEMESTER 5\\CCP\\LAB 1\\fragments\\src\\response.js","statementMap":{"0":{"start":{"line":11,"column":0},"end":{"line":18,"column":2}},"1":{"start":{"line":12,"column":2},"end":{"line":17,"column":4}},"2":{"start":{"line":31,"column":0},"end":{"line":41,"column":2}},"3":{"start":{"line":34,"column":2},"end":{"line":40,"column":4}}},"fnMap":{"0":{"name":"(anonymous_0)","decl":{"start":{"line":11,"column":39},"end":{"line":11,"column":40}},"loc":{"start":{"line":11,"column":55},"end":{"line":18,"column":1}},"line":11},"1":{"name":"(anonymous_1)","decl":{"start":{"line":31,"column":37},"end":{"line":31,"column":38}},"loc":{"start":{"line":31,"column":62},"end":{"line":41,"column":1}},"line":31}},"branchMap":{},"s":{"0":1,"1":2,"2":1,"3":1},"f":{"0":2,"1":1},"b":{},"_coverageSchema":"1a1c01bbd47fc00a2c39e90264f33305004495a9","hash":"5bd5f7a6db607c487ada36766c297f0d9499cf95"}
,"C:\\Users\\Vantonage\\Desktop\\Seneca\\SEMESTER 5\\CCP\\LAB 1\\fragments\\src\\authorization\\basic-auth.js": {"path":"C:\\Users\\Vantonage\\Desktop\\Seneca\\SEMESTER 5\\CCP\\LAB 1\\fragments\\src\\authorization\\basic-auth.js","statementMap":{"0":{"start":{"line":6,"column":13},"end":{"line":6,"column":33}},"1":{"start":{"line":7,"column":17},"end":{"line":7,"column":36}},"2":{"start":{"line":8,"column":21},"end":{"line":8,"column":50}},"3":{"start":{"line":11,"column":0},"end":{"line":13,"column":1}},"4":{"start":{"line":12,"column":2},"end":{"line":12,"column":61}},"5":{"start":{"line":15,"column":0},"end":{"line":22,"column":4}},"6":{"start":{"line":18,"column":2},"end":{"line":22,"column":3}},"7":{"start":{"line":24,"column":0},"end":{"line":24,"column":86}},"8":{"start":{"line":24,"column":36},"end":{"line":24,"column":85}}},"fnMap":{"0":{"name":"(anonymous_0)","decl":{"start":{"line":15,"column":26},"end":{"line":15,"column":27}},"loc":{"start":{"line":18,"column":2},"end":{"line":22,"column":3}},"line":18},"1":{"name":"(anonymous_1)","decl":{"start":{"line":24,"column":30},"end":{"line":24,"column":31}},"loc":{"start":{"line":24,"column":36},"end":{"line":24,"column":85}},"line":24}},"branchMap":{"0":{"loc":{"start":{"line":11,"column":0},"end":{"line":13,"column":1}},"type":"if","locations":[{"start":{"line":11,"column":0},"end":{"line":13,"column":1}},{"start":{},"end":{}}],"line":11}},"s":{"0":3,"1":3,"2":3,"3":3,"4":0,"5":3,"6":3,"7":3,"8":3},"f":{"0":3,"1":3},"b":{"0":[0,3]},"_coverageSchema":"1a1c01bbd47fc00a2c39e90264f33305004495a9","hash":"df1d64f216dc3a72325502b7983e46c51d0bbd80"}
,"C:\\Users\\Vantonage\\Desktop\\Seneca\\SEMESTER 5\\CCP\\LAB 1\\fragments\\src\\authorization\\index.js": {"path":"C:\\Users\\Vantonage\\Desktop\\Seneca\\SEMESTER 5\\CCP\\LAB 1\\fragments\\src\\authorization\\index.js","statementMap":{"0":{"start":{"line":4,"column":0},"end":{"line":14,"column":1}},"1":{"start":{"line":5,"column":2},"end":{"line":5,"column":40}},"2":{"start":{"line":8,"column":5},"end":{"line":14,"column":1}},"3":{"start":{"line":9,"column":2},"end":{"line":9,"column":43}},"4":{"start":{"line":13,"column":2},"end":{"line":13,"column":76}}},"fnMap":{},"branchMap":{"0":{"loc":{"start":{"line":4,"column":0},"end":{"line":14,"column":1}},"type":"if","locations":[{"start":{"line":4,"column":0},"end":{"line":14,"column":1}},{"start":{"line":8,"column":5},"end":{"line":14,"column":1}}],"line":4},"1":{"loc":{"start":{"line":4,"column":4},"end":{"line":4,"column":72}},"type":"binary-expr","locations":[{"start":{"line":4,"column":4},"end":{"line":4,"column":35}},{"start":{"line":4,"column":39},"end":{"line":4,"column":72}}],"line":4},"2":{"loc":{"start":{"line":8,"column":5},"end":{"line":14,"column":1}},"type":"if","locations":[{"start":{"line":8,"column":5},"end":{"line":14,"column":1}},{"start":{"line":12,"column":5},"end":{"line":14,"column":1}}],"line":8},"3":{"loc":{"start":{"line":8,"column":9},"end":{"line":8,"column":71}},"type":"binary-expr","locations":[{"start":{"line":8,"column":9},"end":{"line":8,"column":34}},{"start":{"line":8,"column":38},"end":{"line":8,"column":71}}],"line":8}},"s":{"0":3,"1":0,"2":3,"3":3,"4":0},"f":{},"b":{"0":[0,3],"1":[3,0],"2":[3,0],"3":[3,3]},"_coverageSchema":"1a1c01bbd47fc00a2c39e90264f33305004495a9","hash":"8e0c375b5cce87fe063792e2b994d30a801c6ee3"}
,"C:\\Users\\Vantonage\\Desktop\\Seneca\\SEMESTER 5\\CCP\\LAB 1\\fragments\\src\\routes\\index.js": {"path":"C:\\Users\\Vantonage\\Desktop\\Seneca\\SEMESTER 5\\CCP\\LAB 1\\fragments\\src\\routes\\index.js","statementMap":{"0":{"start":{"line":3,"column":16},"end":{"line":3,"column":34}},"1":{"start":{"line":6,"column":28},"end":{"line":6,"column":57}},"2":{"start":{"line":9,"column":15},"end":{"line":9,"column":31}},"3":{"start":{"line":13,"column":25},"end":{"line":13,"column":52}},"4":{"start":{"line":19,"column":0},"end":{"line":19,"column":52}},"5":{"start":{"line":25,"column":0},"end":{"line":36,"column":3}},"6":{"start":{"line":27,"column":2},"end":{"line":27,"column":45}},"7":{"start":{"line":29,"column":2},"end":{"line":35,"column":5}},"8":{"start":{"line":38,"column":0},"end":{"line":38,"column":24}}},"fnMap":{"0":{"name":"(anonymous_0)","decl":{"start":{"line":25,"column":16},"end":{"line":25,"column":17}},"loc":{"start":{"line":25,"column":30},"end":{"line":36,"column":1}},"line":25}},"branchMap":{},"s":{"0":3,"1":3,"2":3,"3":3,"4":3,"5":3,"6":4,"7":4,"8":3},"f":{"0":4},"b":{},"_coverageSchema":"1a1c01bbd47fc00a2c39e90264f33305004495a9","hash":"3f7e6b010c0200cb8122b50f5e7039867fe7fd9f"}
,"C:\\Users\\Vantonage\\Desktop\\Seneca\\SEMESTER 5\\CCP\\LAB 1\\fragments\\src\\routes\\api\\get.js": {"path":"C:\\Users\\Vantonage\\Desktop\\Seneca\\SEMESTER 5\\CCP\\LAB 1\\fragments\\src\\routes\\api\\get.js","statementMap":{"0":{"start":{"line":6,"column":0},"end":{"line":12,"column":2}},"1":{"start":{"line":8,"column":2},"end":{"line":11,"column":5}}},"fnMap":{"0":{"name":"(anonymous_0)","decl":{"start":{"line":6,"column":17},"end":{"line":6,"column":18}},"loc":{"start":{"line":6,"column":31},"end":{"line":12,"column":1}},"line":6}},"branchMap":{},"s":{"0":3,"1":1},"f":{"0":1},"b":{},"_coverageSchema":"1a1c01bbd47fc00a2c39e90264f33305004495a9","hash":"045e6306eaba442d359ecdad9db907f8e9538944"}
,"C:\\Users\\Vantonage\\Desktop\\Seneca\\SEMESTER 5\\CCP\\LAB 1\\fragments\\src\\routes\\api\\index.js": {"path":"C:\\Users\\Vantonage\\Desktop\\Seneca\\SEMESTER 5\\CCP\\LAB 1\\fragments\\src\\routes\\api\\index.js","statementMap":{"0":{"start":{"line":6,"column":16},"end":{"line":6,"column":34}},"1":{"start":{"line":9,"column":15},"end":{"line":9,"column":31}},"2":{"start":{"line":12,"column":0},"end":{"line":12,"column":43}},"3":{"start":{"line":16,"column":0},"end":{"line":16,"column":24}}},"fnMap":{},"branchMap":{},"s":{"0":3,"1":3,"2":3,"3":3},"f":{},"b":{},"_coverageSchema":"1a1c01bbd47fc00a2c39e90264f33305004495a9","hash":"c601552b5dfabd4ed05d8f3226388e2c531d41e5"}
}
