TN:
SF:src\app.js
FN:68,(anonymous_0)
FN:80,(anonymous_1)
FNF:2
FNH:1
FNDA:1,(anonymous_0)
FNDA:0,(anonymous_1)
DA:3,3
DA:4,3
DA:5,3
DA:6,3
DA:11,3
DA:12,3
DA:18,3
DA:21,3
DA:24,3
DA:27,3
DA:30,3
DA:31,3
DA:34,3
DA:61,3
DA:62,3
DA:65,3
DA:68,3
DA:69,1
DA:80,3
DA:83,0
DA:84,0
DA:87,0
DA:88,0
DA:91,0
DA:101,3
LF:25
LH:20
BRDA:83,0,0,0
BRDA:83,0,1,0
BRDA:84,1,0,0
BRDA:84,1,1,0
BRDA:87,2,0,0
BRDA:87,2,1,0
BRF:6
BRH:0
end_of_record
TN:
SF:src\logger.js
FNF:0
FNH:0
DA:4,3
DA:7,3
DA:9,0
DA:19,3
LF:4
LH:3
BRDA:4,0,0,3
BRDA:4,0,1,0
BRDA:7,1,0,0
BRDA:7,1,1,3
BRF:4
BRH:2
end_of_record
TN:
SF:src\response.js
FN:11,(anonymous_0)
FN:31,(anonymous_1)
FNF:2
FNH:2
FNDA:2,(anonymous_0)
FNDA:1,(anonymous_1)
DA:11,1
DA:12,2
DA:31,1
DA:34,1
LF:4
LH:4
BRF:0
BRH:0
end_of_record
TN:
SF:src\authorization\basic-auth.js
FN:15,(anonymous_0)
FN:24,(anonymous_1)
FNF:2
FNH:2
FNDA:3,(anonymous_0)
FNDA:3,(anonymous_1)
DA:6,3
DA:7,3
DA:8,3
DA:11,3
DA:12,0
DA:15,3
DA:18,3
DA:24,3
LF:8
LH:7
BRDA:11,0,0,0
BRDA:11,0,1,3
BRF:2
BRH:1
end_of_record
TN:
SF:src\authorization\index.js
FNF:0
FNH:0
DA:4,3
DA:5,0
DA:8,3
DA:9,3
DA:13,0
LF:5
LH:3
BRDA:4,0,0,0
BRDA:4,0,1,3
BRDA:4,1,0,3
BRDA:4,1,1,0
BRDA:8,2,0,3
BRDA:8,2,1,0
BRDA:8,3,0,3
BRDA:8,3,1,3
BRF:8
BRH:5
end_of_record
TN:
SF:src\routes\index.js
FN:25,(anonymous_0)
FNF:1
FNH:1
FNDA:4,(anonymous_0)
DA:3,3
DA:6,3
DA:9,3
DA:13,3
DA:19,3
DA:25,3
DA:27,4
DA:29,4
DA:38,3
LF:9
LH:9
BRF:0
BRH:0
end_of_record
TN:
SF:src\routes\api\get.js
FN:6,(anonymous_0)
FNF:1
FNH:1
FNDA:1,(anonymous_0)
DA:6,3
DA:8,1
LF:2
LH:2
BRF:0
BRH:0
end_of_record
TN:
SF:src\routes\api\index.js
FNF:0
FNH:0
DA:6,3
DA:9,3
DA:12,3
DA:16,3
LF:4
LH:4
BRF:0
BRH:0
end_of_record
